Line 468: Class MSComctlLib.ListView of control ListView2 was not a loaded control class.
Line 474: The property name _ExtentX in ListView2 is invalid.
Line 475: The property name _ExtentY in ListView2 is invalid.
Line 476: The property name View in ListView2 is invalid.
Line 477: The property name MultiSelect in ListView2 is invalid.
Line 478: The property name LabelWrap in ListView2 is invalid.
Line 479: The property name HideSelection in ListView2 is invalid.
Line 481: The property name FullRowSelect in ListView2 is invalid.
Line 482: The property name GridLines in ListView2 is invalid.
Line 483: The property name _Version in ListView2 is invalid.
Line 488: The property name NumItems in ListView2 is invalid.
Line 492: The property name ColumnHeader(1) in ListView2 is invalid.
Line 497: The property name ColumnHeader(2) in ListView2 is invalid.
Line 502: The property name ColumnHeader(3) in ListView2 is invalid.
Line 507: The property name ColumnHeader(4) in ListView2 is invalid.
Line 512: The property name ColumnHeader(5) in ListView2 is invalid.
Line 517: The property name ColumnHeader(6) in ListView2 is invalid.
Line 522: The property name ColumnHeader(7) in ListView2 is invalid.
Line 527: The property name ColumnHeader(8) in ListView2 is invalid.
Line 532: The property name ColumnHeader(9) in ListView2 is invalid.
Line 537: The property name ColumnHeader(10) in ListView2 is invalid.
Line 542: The property name ColumnHeader(11) in ListView2 is invalid.
Line 547: The property name ColumnHeader(12) in ListView2 is invalid.
Line 552: The property name ColumnHeader(13) in ListView2 is invalid.
Line 557: The property name ColumnHeader(14) in ListView2 is invalid.
