Line 445: Class MSComctlLib.ListView of control ListView1 was not a loaded control class.
Line 451: The property name _ExtentX in ListView1 is invalid.
Line 452: The property name _ExtentY in ListView1 is invalid.
Line 453: The property name View in ListView1 is invalid.
Line 454: The property name MultiSelect in ListView1 is invalid.
Line 455: The property name LabelWrap in ListView1 is invalid.
Line 456: The property name HideSelection in ListView1 is invalid.
Line 458: The property name FullRowSelect in ListView1 is invalid.
Line 459: The property name GridLines in ListView1 is invalid.
Line 460: The property name _Version in ListView1 is invalid.
Line 465: The property name NumItems in ListView1 is invalid.
Line 469: The property name ColumnHeader(1) in ListView1 is invalid.
Line 474: The property name ColumnHeader(2) in ListView1 is invalid.
Line 479: The property name ColumnHeader(3) in ListView1 is invalid.
Line 484: The property name ColumnHeader(4) in ListView1 is invalid.
Line 489: The property name ColumnHeader(5) in ListView1 is invalid.
Line 494: The property name ColumnHeader(6) in ListView1 is invalid.
Line 499: The property name ColumnHeader(7) in ListView1 is invalid.
Line 504: The property name ColumnHeader(8) in ListView1 is invalid.
Line 509: The property name ColumnHeader(9) in ListView1 is invalid.
Line 514: The property name ColumnHeader(10) in ListView1 is invalid.
Line 519: The property name ColumnHeader(11) in ListView1 is invalid.
Line 524: The property name ColumnHeader(12) in ListView1 is invalid.
Line 529: The property name ColumnHeader(13) in ListView1 is invalid.
Line 534: The property name ColumnHeader(14) in ListView1 is invalid.
